H:\CSHARP\CPLAYER\CPLAYER\DEBUG\.NETFRAMEWORK,VERSION=V4.0.ASSEMBLYATTRIBUTES.OBJ
H:\CSHARP\CPLAYER\CPLAYER\DEBUG\.NETFRAMEWORK,VERSION=V4.0.ASSEMBLYATTRIBUTES.XDC
H:\CSHARP\CPLAYER\CPLAYER\DEBUG\APP.RES
H:\CSHARP\CPLAYER\CPLAYER\DEBUG\ASSEMBLYINFO.OBJ
H:\CSHARP\CPLAYER\CPLAYER\DEBUG\ASSEMBLYINFO.XDC
H:\CSHARP\CPLAYER\CPLAYER\DEBUG\AUDIOPLAYER.OBJ
H:\CSHARP\CPLAYER\CPLAYER\DEBUG\AUDIOPLAYER.XDC
H:\csharp\CPlayer\CPlayer\Debug\cl.command.1.tlog
H:\csharp\CPlayer\CPlayer\Debug\CL.read.1.tlog
H:\csharp\CPlayer\CPlayer\Debug\CL.write.1.tlog
H:\CSHARP\CPLAYER\CPLAYER\DEBUG\CPLAYER.DLL.INTERMEDIATE.MANIFEST
H:\CSHARP\CPLAYER\CPLAYER\DEBUG\CPLAYER.PCH
H:\csharp\CPlayer\CPlayer\Debug\CPlayer.write.1.tlog
H:\CSHARP\CPLAYER\CPLAYER\DEBUG\FFMPEG.OBJ
H:\CSHARP\CPLAYER\CPLAYER\DEBUG\FFMPEG.XDC
H:\csharp\CPlayer\CPlayer\Debug\link.4184.read.1.tlog
H:\csharp\CPlayer\CPlayer\Debug\link.4184.write.1.tlog
H:\csharp\CPlayer\CPlayer\Debug\link.4184-cvtres.read.1.tlog
H:\csharp\CPlayer\CPlayer\Debug\link.4184-cvtres.write.1.tlog
H:\csharp\CPlayer\CPlayer\Debug\link.command.1.tlog
H:\csharp\CPlayer\CPlayer\Debug\link.read.1.tlog
H:\csharp\CPlayer\CPlayer\Debug\link.write.1.tlog
H:\CSHARP\CPLAYER\CPLAYER\DEBUG\MEDIAPLAYER.OBJ
H:\CSHARP\CPLAYER\CPLAYER\DEBUG\MEDIAPLAYER.XDC
H:\csharp\CPlayer\CPlayer\Debug\mt.command.1.tlog
H:\csharp\CPlayer\CPlayer\Debug\mt.read.1.tlog
H:\csharp\CPlayer\CPlayer\Debug\mt.write.1.tlog
H:\csharp\CPlayer\CPlayer\Debug\rc.command.1.tlog
H:\csharp\CPlayer\CPlayer\Debug\rc.read.1.tlog
H:\csharp\CPlayer\CPlayer\Debug\rc.write.1.tlog
H:\CSHARP\CPLAYER\CPLAYER\DEBUG\STDAFX.OBJ
H:\CSHARP\CPLAYER\CPLAYER\DEBUG\STDAFX.XDC
H:\CSHARP\CPLAYER\CPLAYER\DEBUG\VC100.PDB
H:\CSHARP\CPLAYER\CPLAYER\DEBUG\VIDEOPLAYER.OBJ
H:\CSHARP\CPLAYER\CPLAYER\DEBUG\VIDEOPLAYER.XDC
H:\csharp\CPlayer\CPlayer\Debug\XDCMake.command.1.tlog
H:\csharp\CPlayer\CPlayer\Debug\xdcmake.read.1.tlog
H:\csharp\CPlayer\CPlayer\Debug\xdcmake.write.1.tlog
H:\CSHARP\CPLAYER\DEBUG\CPLAYER.DLL
H:\CSHARP\CPLAYER\DEBUG\CPLAYER.ILK
H:\CSHARP\CPLAYER\DEBUG\CPLAYER.PDB
H:\CSHARP\CPLAYER\DEBUG\CPLAYER.XML
